*   commit fb2fc763b2b7f7b8ed8aa5bb5de0fb3f304bfe4f
|\  Merge: 444774e 3f003a2
| | Author: cesspituser2 <132576565+cesspituser2@users.noreply.github.com>
| | Date:   Thu May 4 19:29:55 2023 +0300
| | 
| |     Merge pull request #2 from cesspituser1/b2
| |     
| |     user2 B2->main
| | 
| * commit 3f003a2a9b24035d378bb990ca2ac09e8fde452b
| | Author: cesspituser1 <cesspituser1@gmail.com>
| | Date:   Thu May 4 19:02:06 2023 +0300
| | 
| |      modify user2 file(user1)
| | 
| * commit a033598d19c0f75eba70a386bb5cf528cc3129ea
| | Author: cesspituser2 <cesspituser2@gmail.com>
| | Date:   Thu May 4 18:28:45 2023 +0300
| | 
| |     add files(user2)
| |   
* |   commit 444774efcf420f5ed1f1d0e0e8b749e9edaf1657
|\ \  Merge: 6714961 cec0040
| |/  Author: cesspituser1 <132576711+cesspituser1@users.noreply.github.com>
|/|   Date:   Thu May 4 19:29:32 2023 +0300
| |   
| |       Merge pull request #1 from cesspituser1/b1
| |       
| |       user1 b1->main
| | 
| * commit cec0040f1f2ff281168986020fd123e5ec6a4179
| | Author: cesspituser2 <cesspituser2@gmail.com>
| | Date:   Thu May 4 19:21:20 2023 +0300
| | 
| |      modify user1 file(user2)
| | 
| * commit 5ceba46bf0713055700e48e489bb0991520ba750
|/  Author: cesspituser1 <cesspituser1@gmail.com>
|   Date:   Thu May 4 18:27:11 2023 +0300
|   
|       add files
| 
* commit 67149613e0ded0dee600aca120a5b081822031c9
  Author: cesspituser1 <132576711+cesspituser1@users.noreply.github.com>
  Date:   Thu May 4 18:23:06 2023 +0300
  
      Initial commit
